<?xml version="1.0" encoding="UTF-8"?>
<testsuite xmlns:xsi="http://www.w3.org/2001/XMLSchema-instance" xsi:noNamespaceSchemaLocation="https://maven.apache.org/surefire/maven-surefire-plugin/xsd/surefire-test-report.xsd" name="fr.teddy.springjokes.SpringChuckNorrisJokesApplicationTests" time="2.912" tests="1" errors="0" skipped="0" failures="0">
  <properties>
    <property name="java.specification.version" value="17"/>
    <property name="sun.cpu.isalist" value="amd64"/>
    <property name="sun.jnu.encoding" value="Cp1252"/>
    <property name="java.class.path" value="D:\Code\Git\spring5-jokes-app-v2\target\test-classes;D:\Code\Git\spring5-jokes-app-v2\target\classes;D:\Code\Maven\repositery\org\springframework\boot\spring-boot-starter-thymeleaf\2.7.0\spring-boot-starter-thymeleaf-2.7.0.jar;D:\Code\Maven\repositery\org\springframework\boot\spring-boot-starter\2.7.0\spring-boot-starter-2.7.0.jar;D:\Code\Maven\repositery\org\springframework\boot\spring-boot\2.7.0\spring-boot-2.7.0.jar;D:\Code\Maven\repositery\org\springframework\boot\spring-boot-autoconfigure\2.7.0\spring-boot-autoconfigure-2.7.0.jar;D:\Code\Maven\repositery\org\springframework\boot\spring-boot-starter-logging\2.7.0\spring-boot-starter-logging-2.7.0.jar;D:\Code\Maven\repositery\ch\qos\logback\logback-classic\1.2.11\logback-classic-1.2.11.jar;D:\Code\Maven\repositery\ch\qos\logback\logback-core\1.2.11\logback-core-1.2.11.jar;D:\Code\Maven\repositery\org\apache\logging\log4j\log4j-to-slf4j\2.17.2\log4j-to-slf4j-2.17.2.jar;D:\Code\Maven\repositery\org\apache\logging\log4j\log4j-api\2.17.2\log4j-api-2.17.2.jar;D:\Code\Maven\repositery\org\slf4j\jul-to-slf4j\1.7.36\jul-to-slf4j-1.7.36.jar;D:\Code\Maven\repositery\jakarta\annotation\jakarta.annotation-api\1.3.5\jakarta.annotation-api-1.3.5.jar;D:\Code\Maven\repositery\org\yaml\snakeyaml\1.30\snakeyaml-1.30.jar;D:\Code\Maven\repositery\org\thymeleaf\thymeleaf-spring5\3.0.15.RELEASE\thymeleaf-spring5-3.0.15.RELEASE.jar;D:\Code\Maven\repositery\org\thymeleaf\thymeleaf\3.0.15.RELEASE\thymeleaf-3.0.15.RELEASE.jar;D:\Code\Maven\repositery\org\attoparser\attoparser\2.0.5.RELEASE\attoparser-2.0.5.RELEASE.jar;D:\Code\Maven\repositery\org\unbescape\unbescape\1.1.6.RELEASE\unbescape-1.1.6.RELEASE.jar;D:\Code\Maven\repositery\org\slf4j\slf4j-api\1.7.36\slf4j-api-1.7.36.jar;D:\Code\Maven\repositery\org\thymeleaf\extras\thymeleaf-extras-java8time\3.0.4.RELEASE\thymeleaf-extras-java8time-3.0.4.RELEASE.jar;D:\Code\Maven\repositery\org\springframework\boot\spring-boot-starter-web\2.7.0\spring-boot-starter-web-2.7.0.jar;D:\Code\Maven\repositery\org\springframework\boot\spring-boot-starter-json\2.7.0\spring-boot-starter-json-2.7.0.jar;D:\Code\Maven\repositery\com\fasterxml\jackson\core\jackson-databind\2.13.3\jackson-databind-2.13.3.jar;D:\Code\Maven\repositery\com\fasterxml\jackson\core\jackson-annotations\2.13.3\jackson-annotations-2.13.3.jar;D:\Code\Maven\repositery\com\fasterxml\jackson\core\jackson-core\2.13.3\jackson-core-2.13.3.jar;D:\Code\Maven\repositery\com\fasterxml\jackson\datatype\jackson-datatype-jdk8\2.13.3\jackson-datatype-jdk8-2.13.3.jar;D:\Code\Maven\repositery\com\fasterxml\jackson\datatype\jackson-datatype-jsr310\2.13.3\jackson-datatype-jsr310-2.13.3.jar;D:\Code\Maven\repositery\com\fasterxml\jackson\module\jackson-module-parameter-names\2.13.3\jackson-module-parameter-names-2.13.3.jar;D:\Code\Maven\repositery\org\springframework\boot\spring-boot-starter-tomcat\2.7.0\spring-boot-starter-tomcat-2.7.0.jar;D:\Code\Maven\repositery\org\apache\tomcat\embed\tomcat-embed-core\9.0.63\tomcat-embed-core-9.0.63.jar;D:\Code\Maven\repositery\org\apache\tomcat\embed\tomcat-embed-el\9.0.63\tomcat-embed-el-9.0.63.jar;D:\Code\Maven\repositery\org\apache\tomcat\embed\tomcat-embed-websocket\9.0.63\tomcat-embed-websocket-9.0.63.jar;D:\Code\Maven\repositery\org\springframework\spring-web\5.3.20\spring-web-5.3.20.jar;D:\Code\Maven\repositery\org\springframework\spring-beans\5.3.20\spring-beans-5.3.20.jar;D:\Code\Maven\repositery\org\springframework\spring-webmvc\5.3.20\spring-webmvc-5.3.20.jar;D:\Code\Maven\repositery\org\springframework\spring-aop\5.3.20\spring-aop-5.3.20.jar;D:\Code\Maven\repositery\org\springframework\spring-context\5.3.20\spring-context-5.3.20.jar;D:\Code\Maven\repositery\org\springframework\spring-expression\5.3.20\spring-expression-5.3.20.jar;D:\Code\Maven\repositery\org\springframework\boot\spring-boot-starter-test\2.7.0\spring-boot-starter-test-2.7.0.jar;D:\Code\Maven\repositery\org\springframework\boot\spring-boot-test\2.7.0\spring-boot-test-2.7.0.jar;D:\Code\Maven\repositery\org\springframework\boot\spring-boot-test-autoconfigure\2.7.0\spring-boot-test-autoconfigure-2.7.0.jar;D:\Code\Maven\repositery\com\jayway\jsonpath\json-path\2.7.0\json-path-2.7.0.jar;D:\Code\Maven\repositery\net\minidev\json-smart\2.4.8\json-smart-2.4.8.jar;D:\Code\Maven\repositery\net\minidev\accessors-smart\2.4.8\accessors-smart-2.4.8.jar;D:\Code\Maven\repositery\org\ow2\asm\asm\9.1\asm-9.1.jar;D:\Code\Maven\repositery\jakarta\xml\bind\jakarta.xml.bind-api\2.3.3\jakarta.xml.bind-api-2.3.3.jar;D:\Code\Maven\repositery\jakarta\activation\jakarta.activation-api\1.2.2\jakarta.activation-api-1.2.2.jar;D:\Code\Maven\repositery\org\assertj\assertj-core\3.22.0\assertj-core-3.22.0.jar;D:\Code\Maven\repositery\org\hamcrest\hamcrest\2.2\hamcrest-2.2.jar;D:\Code\Maven\repositery\org\junit\jupiter\junit-jupiter\5.8.2\junit-jupiter-5.8.2.jar;D:\Code\Maven\repositery\org\junit\jupiter\junit-jupiter-api\5.8.2\junit-jupiter-api-5.8.2.jar;D:\Code\Maven\repositery\org\opentest4j\opentest4j\1.2.0\opentest4j-1.2.0.jar;D:\Code\Maven\repositery\org\junit\platform\junit-platform-commons\1.8.2\junit-platform-commons-1.8.2.jar;D:\Code\Maven\repositery\org\apiguardian\apiguardian-api\1.1.2\apiguardian-api-1.1.2.jar;D:\Code\Maven\repositery\org\junit\jupiter\junit-jupiter-params\5.8.2\junit-jupiter-params-5.8.2.jar;D:\Code\Maven\repositery\org\junit\jupiter\junit-jupiter-engine\5.8.2\junit-jupiter-engine-5.8.2.jar;D:\Code\Maven\repositery\org\junit\platform\junit-platform-engine\1.8.2\junit-platform-engine-1.8.2.jar;D:\Code\Maven\repositery\org\mockito\mockito-core\4.5.1\mockito-core-4.5.1.jar;D:\Code\Maven\repositery\net\bytebuddy\byte-buddy\1.12.10\byte-buddy-1.12.10.jar;D:\Code\Maven\repositery\net\bytebuddy\byte-buddy-agent\1.12.10\byte-buddy-agent-1.12.10.jar;D:\Code\Maven\repositery\org\objenesis\objenesis\3.2\objenesis-3.2.jar;D:\Code\Maven\repositery\org\mockito\mockito-junit-jupiter\4.5.1\mockito-junit-jupiter-4.5.1.jar;D:\Code\Maven\repositery\org\skyscreamer\jsonassert\1.5.0\jsonassert-1.5.0.jar;D:\Code\Maven\repositery\com\vaadin\external\google\android-json\0.0.20131108.vaadin1\android-json-0.0.20131108.vaadin1.jar;D:\Code\Maven\repositery\org\springframework\spring-core\5.3.20\spring-core-5.3.20.jar;D:\Code\Maven\repositery\org\springframework\spring-jcl\5.3.20\spring-jcl-5.3.20.jar;D:\Code\Maven\repositery\org\springframework\spring-test\5.3.20\spring-test-5.3.20.jar;D:\Code\Maven\repositery\org\xmlunit\xmlunit-core\2.9.0\xmlunit-core-2.9.0.jar;D:\Code\Maven\repositery\guru\springframework\chuck-norris-for-actuator\2.4.0\chuck-norris-for-actuator-2.4.0.jar;D:\Code\Maven\repositery\org\springframework\boot\spring-boot-actuator\2.7.0\spring-boot-actuator-2.7.0.jar;"/>
    <property name="java.vm.vendor" value="Eclipse Adoptium"/>
    <property name="sun.arch.data.model" value="64"/>
    <property name="user.variant" value=""/>
    <property name="java.vendor.url" value="https://adoptium.net/"/>
    <property name="user.timezone" value="Europe/Paris"/>
    <property name="os.name" value="Windows 10"/>
    <property name="java.vm.specification.version" value="17"/>
    <property name="sun.java.launcher" value="SUN_STANDARD"/>
    <property name="user.country" value="FR"/>
    <property name="sun.boot.library.path" value="C:\Users\daddy\.p2\pool\plugins\org.eclipse.justj.openjdk.hotspot.jre.full.win32.x86_64_17.0.2.v20220201-1208\jre\bin"/>
    <property name="sun.java.command" value="C:\Users\daddy\AppData\Local\Temp\surefire13551313888568172036\surefirebooter5554647475779542376.jar C:\Users\daddy\AppData\Local\Temp\surefire13551313888568172036 2022-06-15T21-12-13_452-jvmRun1 surefire6035006266497776332tmp surefire_09736663541892258436tmp"/>
    <property name="jdk.debug" value="release"/>
    <property name="surefire.test.class.path" value="D:\Code\Git\spring5-jokes-app-v2\target\test-classes;D:\Code\Git\spring5-jokes-app-v2\target\classes;D:\Code\Maven\repositery\org\springframework\boot\spring-boot-starter-thymeleaf\2.7.0\spring-boot-starter-thymeleaf-2.7.0.jar;D:\Code\Maven\repositery\org\springframework\boot\spring-boot-starter\2.7.0\spring-boot-starter-2.7.0.jar;D:\Code\Maven\repositery\org\springframework\boot\spring-boot\2.7.0\spring-boot-2.7.0.jar;D:\Code\Maven\repositery\org\springframework\boot\spring-boot-autoconfigure\2.7.0\spring-boot-autoconfigure-2.7.0.jar;D:\Code\Maven\repositery\org\springframework\boot\spring-boot-starter-logging\2.7.0\spring-boot-starter-logging-2.7.0.jar;D:\Code\Maven\repositery\ch\qos\logback\logback-classic\1.2.11\logback-classic-1.2.11.jar;D:\Code\Maven\repositery\ch\qos\logback\logback-core\1.2.11\logback-core-1.2.11.jar;D:\Code\Maven\repositery\org\apache\logging\log4j\log4j-to-slf4j\2.17.2\log4j-to-slf4j-2.17.2.jar;D:\Code\Maven\repositery\org\apache\logging\log4j\log4j-api\2.17.2\log4j-api-2.17.2.jar;D:\Code\Maven\repositery\org\slf4j\jul-to-slf4j\1.7.36\jul-to-slf4j-1.7.36.jar;D:\Code\Maven\repositery\jakarta\annotation\jakarta.annotation-api\1.3.5\jakarta.annotation-api-1.3.5.jar;D:\Code\Maven\repositery\org\yaml\snakeyaml\1.30\snakeyaml-1.30.jar;D:\Code\Maven\repositery\org\thymeleaf\thymeleaf-spring5\3.0.15.RELEASE\thymeleaf-spring5-3.0.15.RELEASE.jar;D:\Code\Maven\repositery\org\thymeleaf\thymeleaf\3.0.15.RELEASE\thymeleaf-3.0.15.RELEASE.jar;D:\Code\Maven\repositery\org\attoparser\attoparser\2.0.5.RELEASE\attoparser-2.0.5.RELEASE.jar;D:\Code\Maven\repositery\org\unbescape\unbescape\1.1.6.RELEASE\unbescape-1.1.6.RELEASE.jar;D:\Code\Maven\repositery\org\slf4j\slf4j-api\1.7.36\slf4j-api-1.7.36.jar;D:\Code\Maven\repositery\org\thymeleaf\extras\thymeleaf-extras-java8time\3.0.4.RELEASE\thymeleaf-extras-java8time-3.0.4.RELEASE.jar;D:\Code\Maven\repositery\org\springframework\boot\spring-boot-starter-web\2.7.0\spring-boot-starter-web-2.7.0.jar;D:\Code\Maven\repositery\org\springframework\boot\spring-boot-starter-json\2.7.0\spring-boot-starter-json-2.7.0.jar;D:\Code\Maven\repositery\com\fasterxml\jackson\core\jackson-databind\2.13.3\jackson-databind-2.13.3.jar;D:\Code\Maven\repositery\com\fasterxml\jackson\core\jackson-annotations\2.13.3\jackson-annotations-2.13.3.jar;D:\Code\Maven\repositery\com\fasterxml\jackson\core\jackson-core\2.13.3\jackson-core-2.13.3.jar;D:\Code\Maven\repositery\com\fasterxml\jackson\datatype\jackson-datatype-jdk8\2.13.3\jackson-datatype-jdk8-2.13.3.jar;D:\Code\Maven\repositery\com\fasterxml\jackson\datatype\jackson-datatype-jsr310\2.13.3\jackson-datatype-jsr310-2.13.3.jar;D:\Code\Maven\repositery\com\fasterxml\jackson\module\jackson-module-parameter-names\2.13.3\jackson-module-parameter-names-2.13.3.jar;D:\Code\Maven\repositery\org\springframework\boot\spring-boot-starter-tomcat\2.7.0\spring-boot-starter-tomcat-2.7.0.jar;D:\Code\Maven\repositery\org\apache\tomcat\embed\tomcat-embed-core\9.0.63\tomcat-embed-core-9.0.63.jar;D:\Code\Maven\repositery\org\apache\tomcat\embed\tomcat-embed-el\9.0.63\tomcat-embed-el-9.0.63.jar;D:\Code\Maven\repositery\org\apache\tomcat\embed\tomcat-embed-websocket\9.0.63\tomcat-embed-websocket-9.0.63.jar;D:\Code\Maven\repositery\org\springframework\spring-web\5.3.20\spring-web-5.3.20.jar;D:\Code\Maven\repositery\org\springframework\spring-beans\5.3.20\spring-beans-5.3.20.jar;D:\Code\Maven\repositery\org\springframework\spring-webmvc\5.3.20\spring-webmvc-5.3.20.jar;D:\Code\Maven\repositery\org\springframework\spring-aop\5.3.20\spring-aop-5.3.20.jar;D:\Code\Maven\repositery\org\springframework\spring-context\5.3.20\spring-context-5.3.20.jar;D:\Code\Maven\repositery\org\springframework\spring-expression\5.3.20\spring-expression-5.3.20.jar;D:\Code\Maven\repositery\org\springframework\boot\spring-boot-starter-test\2.7.0\spring-boot-starter-test-2.7.0.jar;D:\Code\Maven\repositery\org\springframework\boot\spring-boot-test\2.7.0\spring-boot-test-2.7.0.jar;D:\Code\Maven\repositery\org\springframework\boot\spring-boot-test-autoconfigure\2.7.0\spring-boot-test-autoconfigure-2.7.0.jar;D:\Code\Maven\repositery\com\jayway\jsonpath\json-path\2.7.0\json-path-2.7.0.jar;D:\Code\Maven\repositery\net\minidev\json-smart\2.4.8\json-smart-2.4.8.jar;D:\Code\Maven\repositery\net\minidev\accessors-smart\2.4.8\accessors-smart-2.4.8.jar;D:\Code\Maven\repositery\org\ow2\asm\asm\9.1\asm-9.1.jar;D:\Code\Maven\repositery\jakarta\xml\bind\jakarta.xml.bind-api\2.3.3\jakarta.xml.bind-api-2.3.3.jar;D:\Code\Maven\repositery\jakarta\activation\jakarta.activation-api\1.2.2\jakarta.activation-api-1.2.2.jar;D:\Code\Maven\repositery\org\assertj\assertj-core\3.22.0\assertj-core-3.22.0.jar;D:\Code\Maven\repositery\org\hamcrest\hamcrest\2.2\hamcrest-2.2.jar;D:\Code\Maven\repositery\org\junit\jupiter\junit-jupiter\5.8.2\junit-jupiter-5.8.2.jar;D:\Code\Maven\repositery\org\junit\jupiter\junit-jupiter-api\5.8.2\junit-jupiter-api-5.8.2.jar;D:\Code\Maven\repositery\org\opentest4j\opentest4j\1.2.0\opentest4j-1.2.0.jar;D:\Code\Maven\repositery\org\junit\platform\junit-platform-commons\1.8.2\junit-platform-commons-1.8.2.jar;D:\Code\Maven\repositery\org\apiguardian\apiguardian-api\1.1.2\apiguardian-api-1.1.2.jar;D:\Code\Maven\repositery\org\junit\jupiter\junit-jupiter-params\5.8.2\junit-jupiter-params-5.8.2.jar;D:\Code\Maven\repositery\org\junit\jupiter\junit-jupiter-engine\5.8.2\junit-jupiter-engine-5.8.2.jar;D:\Code\Maven\repositery\org\junit\platform\junit-platform-engine\1.8.2\junit-platform-engine-1.8.2.jar;D:\Code\Maven\repositery\org\mockito\mockito-core\4.5.1\mockito-core-4.5.1.jar;D:\Code\Maven\repositery\net\bytebuddy\byte-buddy\1.12.10\byte-buddy-1.12.10.jar;D:\Code\Maven\repositery\net\bytebuddy\byte-buddy-agent\1.12.10\byte-buddy-agent-1.12.10.jar;D:\Code\Maven\repositery\org\objenesis\objenesis\3.2\objenesis-3.2.jar;D:\Code\Maven\repositery\org\mockito\mockito-junit-jupiter\4.5.1\mockito-junit-jupiter-4.5.1.jar;D:\Code\Maven\repositery\org\skyscreamer\jsonassert\1.5.0\jsonassert-1.5.0.jar;D:\Code\Maven\repositery\com\vaadin\external\google\android-json\0.0.20131108.vaadin1\android-json-0.0.20131108.vaadin1.jar;D:\Code\Maven\repositery\org\springframework\spring-core\5.3.20\spring-core-5.3.20.jar;D:\Code\Maven\repositery\org\springframework\spring-jcl\5.3.20\spring-jcl-5.3.20.jar;D:\Code\Maven\repositery\org\springframework\spring-test\5.3.20\spring-test-5.3.20.jar;D:\Code\Maven\repositery\org\xmlunit\xmlunit-core\2.9.0\xmlunit-core-2.9.0.jar;D:\Code\Maven\repositery\guru\springframework\chuck-norris-for-actuator\2.4.0\chuck-norris-for-actuator-2.4.0.jar;D:\Code\Maven\repositery\org\springframework\boot\spring-boot-actuator\2.7.0\spring-boot-actuator-2.7.0.jar;"/>
    <property name="sun.cpu.endian" value="little"/>
    <property name="user.home" value="C:\Users\daddy"/>
    <property name="user.language" value="fr"/>
    <property name="java.specification.vendor" value="Oracle Corporation"/>
    <property name="java.version.date" value="2022-01-18"/>
    <property name="java.home" value="C:\Users\daddy\.p2\pool\plugins\org.eclipse.justj.openjdk.hotspot.jre.full.win32.x86_64_17.0.2.v20220201-1208\jre"/>
    <property name="file.separator" value="\"/>
    <property name="basedir" value="D:\Code\Git\spring5-jokes-app-v2"/>
    <property name="java.vm.compressedOopsMode" value="Zero based"/>
    <property name="line.separator" value="&#10;"/>
    <property name="java.vm.specification.vendor" value="Oracle Corporation"/>
    <property name="java.specification.name" value="Java Platform API Specification"/>
    <property name="surefire.real.class.path" value="C:\Users\daddy\AppData\Local\Temp\surefire13551313888568172036\surefirebooter5554647475779542376.jar"/>
    <property name="user.script" value=""/>
    <property name="sun.management.compiler" value="HotSpot 64-Bit Tiered Compilers"/>
    <property name="java.runtime.version" value="17.0.2+8"/>
    <property name="user.name" value="daddy"/>
    <property name="path.separator" value=";"/>
    <property name="os.version" value="10.0"/>
    <property name="java.runtime.name" value="OpenJDK Runtime Environment"/>
    <property name="file.encoding" value="Cp1252"/>
    <property name="java.vm.name" value="OpenJDK 64-Bit Server VM"/>
    <property name="java.vendor.version" value="Temurin-17.0.2+8"/>
    <property name="localRepository" value="D:\Code\Maven\repositery"/>
    <property name="java.vendor.url.bug" value="https://github.com/adoptium/adoptium-support/issues"/>
    <property name="java.io.tmpdir" value="C:\Users\daddy\AppData\Local\Temp\"/>
    <property name="java.version" value="17.0.2"/>
    <property name="user.dir" value="D:\Code\Git\spring5-jokes-app-v2"/>
    <property name="os.arch" value="amd64"/>
    <property name="java.vm.specification.name" value="Java Virtual Machine Specification"/>
    <property name="sun.os.patch.level" value=""/>
    <property name="native.encoding" value="Cp1252"/>
    <property name="java.library.path" value="C:\Users\daddy\.p2\pool\plugins\org.eclipse.justj.openjdk.hotspot.jre.full.win32.x86_64_17.0.2.v20220201-1208\jre\bin;C:\Windows\Sun\Java\bin;C:\Windows\system32;C:\Windows;C:/Users/daddy/.p2/pool/plugins/org.eclipse.justj.openjdk.hotspot.jre.full.win32.x86_64_17.0.2.v20220201-1208/jre/bin/server;C:/Users/daddy/.p2/pool/plugins/org.eclipse.justj.openjdk.hotspot.jre.full.win32.x86_64_17.0.2.v20220201-1208/jre/bin;C:\Program Files\Common Files\Oracle\Java\javapath;C:\Windows\system32;C:\Windows;C:\Windows\System32\Wbem;C:\Windows\System32\WindowsPowerShell\v1.0\;C:\Windows\System32\OpenSSH\;C:\Program Files\Git\cmd;C:\Users\daddy\AppData\Local\Microsoft\WindowsApps;D:\Code\Java\jdk-17.0.2\bin;D:\Code\Maven\apache-maven-3.8.5\bin;D:\Code\Gradle\gradle-7.4.2\bin;C:\Program Files\Git\bin;;C:\Users\daddy\eclipse\jee-2022-03\eclipse;;."/>
    <property name="java.vm.info" value="mixed mode"/>
    <property name="java.vendor" value="Eclipse Adoptium"/>
    <property name="java.vm.version" value="17.0.2+8"/>
    <property name="sun.io.unicode.encoding" value="UnicodeLittle"/>
    <property name="java.class.version" value="61.0"/>
  </properties>
  <testcase name="contextLoads" classname="fr.teddy.springjokes.SpringChuckNorrisJokesApplicationTests" time="0.6"/>
</testsuite>